Detecting compiler hash for triplet arm64-osx...
The following packages will be built and installed:
  * boost-assert[core]:arm64-osx -> 1.79.0 -- /Users/fullhat/Documents/Labs/vcpkg_manifest/vcpkg/buildtrees/versioning_/versions/boost-assert/2e4adae40df44f3927978bba397b60f18ad8e919
  * boost-build[core]:arm64-osx -> 1.79.0 -- /Users/fullhat/Documents/Labs/vcpkg_manifest/vcpkg/buildtrees/versioning_/versions/boost-build/ba4fbdacb5988e8f753bf2098ec257453c50a27a
  * boost-concept-check[core]:arm64-osx -> 1.81.0#2 -- /Users/fullhat/Documents/Labs/vcpkg_manifest/vcpkg/buildtrees/versioning_/versions/boost-concept-check/9e3997ced53ed93bff12b273be6d8a0adc500960
  * boost-config[core]:arm64-osx -> 1.81.0#2 -- /Users/fullhat/Documents/Labs/vcpkg_manifest/vcpkg/buildtrees/versioning_/versions/boost-config/f22c9c2d371b0d3bad68760622075512860f5379
  * boost-container-hash[core]:arm64-osx -> 1.81.0#2 -- /Users/fullhat/Documents/Labs/vcpkg_manifest/vcpkg/buildtrees/versioning_/versions/boost-container-hash/54f2c7dd6ccb8e6c7d1e64a0042f8126777e8bff
  * boost-core[core]:arm64-osx -> 1.79.0 -- /Users/fullhat/Documents/Labs/vcpkg_manifest/vcpkg/buildtrees/versioning_/versions/boost-core/a22eddd8a3121063f8ef94eb4e0ae64021d0369a
  * boost-describe[core]:arm64-osx -> 1.79.0 -- /Users/fullhat/Documents/Labs/vcpkg_manifest/vcpkg/buildtrees/versioning_/versions/boost-describe/f79ac02e597506f15b55a0445e9a36ed6cb22632
  * boost-integer[core]:arm64-osx -> 1.79.0 -- /Users/fullhat/Documents/Labs/vcpkg_manifest/vcpkg/buildtrees/versioning_/versions/boost-integer/7970a7ba822ac5e6a8a9f98ba5ee3631b3ccff3c
  * boost-io[core]:arm64-osx -> 1.79.0 -- /Users/fullhat/Documents/Labs/vcpkg_manifest/vcpkg/buildtrees/versioning_/versions/boost-io/a248d3f95d95973f63b5be92c81747165ca0319c
  * boost-modular-build-helper[core]:arm64-osx -> 1.81.0#5 -- /Users/fullhat/Documents/Labs/vcpkg_manifest/vcpkg/buildtrees/versioning_/versions/boost-modular-build-helper/976b927d38ce533c1c403b80c9e0e23e62737195
  * boost-move[core]:arm64-osx -> 1.79.0 -- /Users/fullhat/Documents/Labs/vcpkg_manifest/vcpkg/buildtrees/versioning_/versions/boost-move/957381b3c5ac7d2b563b2563ca8a78d49f034e68
  * boost-mp11[core]:arm64-osx -> 1.79.0 -- /Users/fullhat/Documents/Labs/vcpkg_manifest/vcpkg/buildtrees/versioning_/versions/boost-mp11/b741f7087023927b8345779b9a30575e1dee383f
  * boost-mpl[core]:arm64-osx -> 1.79.0 -- /Users/fullhat/Documents/Labs/vcpkg_manifest/vcpkg/buildtrees/versioning_/versions/boost-mpl/1fa673fcec0135c3a144d90528f719b281d29043
  * boost-predef[core]:arm64-osx -> 1.79.0 -- /Users/fullhat/Documents/Labs/vcpkg_manifest/vcpkg/buildtrees/versioning_/versions/boost-predef/c17a7256c1f86eab749e10b451dbf53d317afaf9
  * boost-preprocessor[core]:arm64-osx -> 1.79.0 -- /Users/fullhat/Documents/Labs/vcpkg_manifest/vcpkg/buildtrees/versioning_/versions/boost-preprocessor/1790581b89b5cf96bd870854b2bc4b256032a9c9
    boost-regex[core]:arm64-osx -> 1.79.0 -- /Users/fullhat/Documents/Labs/vcpkg_manifest/vcpkg/buildtrees/versioning_/versions/boost-regex/a10bdc49cf30856030ed08921a5a30f3c3f3bdb1
  * boost-smart-ptr[core]:arm64-osx -> 1.81.0#2 -- /Users/fullhat/Documents/Labs/vcpkg_manifest/vcpkg/buildtrees/versioning_/versions/boost-smart-ptr/9658d324de2ff7661eb9b9a94c50c2c32fe61e38
  * boost-static-assert[core]:arm64-osx -> 1.81.0#2 -- /Users/fullhat/Documents/Labs/vcpkg_manifest/vcpkg/buildtrees/versioning_/versions/boost-static-assert/bf5777cf607209edba1236a1cf87721ad896ead5
  * boost-throw-exception[core]:arm64-osx -> 1.81.0#2 -- /Users/fullhat/Documents/Labs/vcpkg_manifest/vcpkg/buildtrees/versioning_/versions/boost-throw-exception/24786ddf6fd042eff7e75cbb3573d5ba5401530e
  * boost-type-traits[core]:arm64-osx -> 1.81.0#2 -- /Users/fullhat/Documents/Labs/vcpkg_manifest/vcpkg/buildtrees/versioning_/versions/boost-type-traits/4bb18781eb0901d50703978cb7f93329af8a0c0d
  * boost-uninstall[core]:arm64-osx -> 1.79.0 -- /Users/fullhat/Documents/Labs/vcpkg_manifest/vcpkg/buildtrees/versioning_/versions/boost-uninstall/e2d05f10364104d9b7de2383bcb105a1fd3fe975
  * boost-utility[core]:arm64-osx -> 1.79.0 -- /Users/fullhat/Documents/Labs/vcpkg_manifest/vcpkg/buildtrees/versioning_/versions/boost-utility/8eb91c7a3ad14393219ba020d3d26c39a325c626
  * boost-vcpkg-helpers[core]:arm64-osx -> 1.81.0#3 -- /Users/fullhat/Documents/Labs/vcpkg_manifest/vcpkg/buildtrees/versioning_/versions/boost-vcpkg-helpers/2aa63aed3fe5106f44a56b33d8754d045358f662
  * boost-winapi[core]:arm64-osx -> 1.79.0 -- /Users/fullhat/Documents/Labs/vcpkg_manifest/vcpkg/buildtrees/versioning_/versions/boost-winapi/7f82a0041bb3b4ac1f3721afe5ba4e24e27c3a3c
    sqlite3[core]:arm64-osx -> 3.40.1#1 -- /Users/fullhat/Documents/Labs/vcpkg_manifest/vcpkg/buildtrees/versioning_/versions/sqlite3/a08d5bdc16bbeb6e156289d80416535f9cd0a073
    sqlitecpp[core,sqlite]:arm64-osx -> 3.2.0#1 -- /Users/fullhat/Documents/Labs/vcpkg_manifest/vcpkg/buildtrees/versioning_/versions/sqlitecpp/3e0dea72ad51e6dd229ecb147989143608868369
  * vcpkg-cmake[core]:arm64-osx -> 2022-12-22 -- /Users/fullhat/Documents/Labs/vcpkg_manifest/vcpkg/buildtrees/versioning_/versions/vcpkg-cmake/1913f86defd2140d0a6751be2d51952e4090efa4
  * vcpkg-cmake-config[core]:arm64-osx -> 2022-02-06#1 -- /Users/fullhat/Documents/Labs/vcpkg_manifest/vcpkg/buildtrees/versioning_/versions/vcpkg-cmake-config/8d54cc4f487d51b655abec5f9c9c3f86ca83311f
  * vcpkg-cmake-get-vars[core]:arm64-osx -> 2022-12-16 -- /Users/fullhat/Documents/Labs/vcpkg_manifest/vcpkg/buildtrees/versioning_/versions/vcpkg-cmake-get-vars/bad453fe7f58edb2e8d0093692dcaa52347e446c
Additional packages (*) will be modified to complete this operation.
Restored 29 package(s) from /Users/fullhat/.cache/vcpkg/archives in 760.6 ms. Use --debug to see more details.
Installing 1/29 vcpkg-cmake:arm64-osx...
Elapsed time to handle vcpkg-cmake:arm64-osx: 3.737 ms
Installing 2/29 boost-uninstall:arm64-osx...
Elapsed time to handle boost-uninstall:arm64-osx: 2.053 ms
Installing 3/29 boost-vcpkg-helpers:arm64-osx...
Elapsed time to handle boost-vcpkg-helpers:arm64-osx: 2.987 ms
Installing 4/29 boost-config:arm64-osx...
Elapsed time to handle boost-config:arm64-osx: 78.63 ms
Installing 5/29 boost-static-assert:arm64-osx...
Elapsed time to handle boost-static-assert:arm64-osx: 2.551 ms
Installing 6/29 boost-type-traits:arm64-osx...
Elapsed time to handle boost-type-traits:arm64-osx: 56.87 ms
Installing 7/29 boost-assert:arm64-osx...
Elapsed time to handle boost-assert:arm64-osx: 3.346 ms
Installing 8/29 boost-throw-exception:arm64-osx...
Elapsed time to handle boost-throw-exception:arm64-osx: 2.72 ms
Installing 9/29 boost-predef:arm64-osx...
Elapsed time to handle boost-predef:arm64-osx: 43.91 ms
Installing 10/29 boost-winapi:arm64-osx...
Elapsed time to handle boost-winapi:arm64-osx: 32.65 ms
Installing 11/29 boost-core:arm64-osx...
Elapsed time to handle boost-core:arm64-osx: 16.13 ms
Installing 12/29 boost-move:arm64-osx...
Elapsed time to handle boost-move:arm64-osx: 14.2 ms
Installing 13/29 boost-smart-ptr:arm64-osx...
Elapsed time to handle boost-smart-ptr:arm64-osx: 29.53 ms
Installing 14/29 boost-preprocessor:arm64-osx...
Elapsed time to handle boost-preprocessor:arm64-osx: 147.4 ms
Installing 15/29 boost-io:arm64-osx...
Elapsed time to handle boost-io:arm64-osx: 6.312 ms
Installing 16/29 boost-utility:arm64-osx...
Elapsed time to handle boost-utility:arm64-osx: 11.34 ms
Installing 17/29 boost-mpl:arm64-osx...
Elapsed time to handle boost-mpl:arm64-osx: 286.7 ms
Installing 18/29 vcpkg-cmake-get-vars:arm64-osx...
Elapsed time to handle vcpkg-cmake-get-vars:arm64-osx: 6.111 ms
Installing 19/29 boost-modular-build-helper:arm64-osx...
Elapsed time to handle boost-modular-build-helper:arm64-osx: 5.716 ms
Installing 20/29 boost-integer:arm64-osx...
Elapsed time to handle boost-integer:arm64-osx: 6.647 ms
Installing 21/29 boost-mp11:arm64-osx...
Elapsed time to handle boost-mp11:arm64-osx: 12.12 ms
Installing 22/29 boost-describe:arm64-osx...
Elapsed time to handle boost-describe:arm64-osx: 9.348 ms
Installing 23/29 boost-container-hash:arm64-osx...
Elapsed time to handle boost-container-hash:arm64-osx: 7.825 ms
Installing 24/29 boost-concept-check:arm64-osx...
Elapsed time to handle boost-concept-check:arm64-osx: 9.265 ms
Installing 25/29 boost-build:arm64-osx...
Elapsed time to handle boost-build:arm64-osx: 279.8 ms
Installing 26/29 boost-regex:arm64-osx...
Elapsed time to handle boost-regex:arm64-osx: 35.13 ms
Installing 27/29 vcpkg-cmake-config:arm64-osx...
Elapsed time to handle vcpkg-cmake-config:arm64-osx: 3.863 ms
Installing 28/29 sqlite3:arm64-osx...
Elapsed time to handle sqlite3:arm64-osx: 8.145 ms
Installing 29/29 sqlitecpp:arm64-osx...
Elapsed time to handle sqlitecpp:arm64-osx: 8.934 ms
Total install time: 1.895 s
The package boost is compatible with built-in CMake targets:

    find_package(Boost REQUIRED [COMPONENTS <libs>...])
    target_link_libraries(main PRIVATE Boost::boost Boost::<lib1> Boost::<lib2> ...)

sqlite3 provides pkgconfig bindings.
sqlite3 provides CMake targets:

    find_package(unofficial-sqlite3 CONFIG REQUIRED)
    target_link_libraries(main PRIVATE unofficial::sqlite3::sqlite3)

sqlitecpp provides CMake targets:

    # this is heuristically generated, and may not be correct
    find_package(SQLiteCpp CONFIG REQUIRED)
    target_link_libraries(main PRIVATE SQLiteCpp)

